2022-09-14 10:18:45,005 INFO org.springframework.boot.StartupInfoLogger [main] Starting LoggingApplication using Java 17.0.3 on pop-os with PID 23774 (/permanents/projects/java/develhope-gianluigi-exercise/logging/target/classes started by giangi in /permanents/projects/java/develhope-gianluigi-exercise/logging)
2022-09-14 10:18:45,009 INFO org.springframework.boot.SpringApplication [main] No active profile set, falling back to 1 default profile: "default"
2022-09-14 10:18:45,794 INFO org.springframework.boot.web.embedded.tomcat.TomcatWebServer [main] Tomcat initialized with port(s): 8080 (http)
2022-09-14 10:18:45,804 INFO org.apache.juli.logging.DirectJDKLog [main] Initializing ProtocolHandler ["http-nio-8080"]
2022-09-14 10:18:45,805 INFO org.apache.juli.logging.DirectJDKLog [main] Starting service [Tomcat]
2022-09-14 10:18:45,806 INFO org.apache.juli.logging.DirectJDKLog [main] Starting Servlet engine: [Apache Tomcat/9.0.65]
2022-09-14 10:18:45,883 INFO org.apache.juli.logging.DirectJDKLog [main] Initializing Spring embedded WebApplicationContext
2022-09-14 10:18:45,883 INFO org.springframework.boot.web.servlet.context.ServletWebServerApplicationContext [main] Root WebApplicationContext: initialization completed in 824 ms
2022-09-14 10:18:46,203 INFO org.apache.juli.logging.DirectJDKLog [main] Starting ProtocolHandler ["http-nio-8080"]
2022-09-14 10:18:46,217 INFO org.springframework.boot.web.embedded.tomcat.TomcatWebServer [main] Tomcat started on port(s): 8080 (http) with context path ''
2022-09-14 10:18:46,227 INFO org.springframework.boot.StartupInfoLogger [main] Started LoggingApplication in 1.684 seconds (JVM running for 1.991)
2022-09-14 10:18:56,597 INFO org.springframework.boot.StartupInfoLogger [main] Starting LoggingApplication using Java 17.0.3 on pop-os with PID 23889 (/permanents/projects/java/develhope-gianluigi-exercise/logging/target/classes started by giangi in /permanents/projects/java/develhope-gianluigi-exercise/logging)
2022-09-14 10:18:56,601 INFO org.springframework.boot.SpringApplication [main] No active profile set, falling back to 1 default profile: "default"
2022-09-14 10:18:57,404 INFO org.springframework.boot.web.embedded.tomcat.TomcatWebServer [main] Tomcat initialized with port(s): 8080 (http)
2022-09-14 10:18:57,414 INFO org.apache.juli.logging.DirectJDKLog [main] Initializing ProtocolHandler ["http-nio-8080"]
2022-09-14 10:18:57,415 INFO org.apache.juli.logging.DirectJDKLog [main] Starting service [Tomcat]
2022-09-14 10:18:57,416 INFO org.apache.juli.logging.DirectJDKLog [main] Starting Servlet engine: [Apache Tomcat/9.0.65]
2022-09-14 10:18:57,487 INFO org.apache.juli.logging.DirectJDKLog [main] Initializing Spring embedded WebApplicationContext
2022-09-14 10:18:57,488 INFO org.springframework.boot.web.servlet.context.ServletWebServerApplicationContext [main] Root WebApplicationContext: initialization completed in 834 ms
2022-09-14 10:18:57,789 INFO org.apache.juli.logging.DirectJDKLog [main] Starting ProtocolHandler ["http-nio-8080"]
2022-09-14 10:18:57,802 INFO org.springframework.boot.web.embedded.tomcat.TomcatWebServer [main] Tomcat started on port(s): 8080 (http) with context path ''
2022-09-14 10:18:57,812 INFO org.springframework.boot.StartupInfoLogger [main] Started LoggingApplication in 1.683 seconds (JVM running for 1.991)
2022-09-14 10:19:05,954 INFO org.apache.juli.logging.DirectJDKLog [http-nio-8080-exec-1] Initializing Spring DispatcherServlet 'dispatcherServlet'
2022-09-14 10:19:05,955 INFO org.springframework.web.servlet.FrameworkServlet [http-nio-8080-exec-1] Initializing Servlet 'dispatcherServlet'
2022-09-14 10:19:05,956 INFO org.springframework.web.servlet.FrameworkServlet [http-nio-8080-exec-1] Completed initialization in 1 ms
2022-09-14 10:19:05,969 DEBUG dev.dmgiangi.logging.services.NumberService [http-nio-8080-exec-1] Start Calculation on: 2022-09-14T08:19:05.968988608Z
2022-09-14 10:19:05,970 DEBUG dev.dmgiangi.logging.services.NumberService [http-nio-8080-exec-1] End Calculation on: %s with result: %d2022-09-14T08:19:05.969983510Z
2022-09-14 10:19:05,971 DEBUG dev.dmgiangi.logging.services.NumberService [http-nio-8080-exec-1] Calculation duration: 994902 ns
2022-09-14 10:19:15,683 INFO dev.dmgiangi.logging.controllers.HomeController [http-nio-8080-exec-2] Sciao bello!
2022-09-14 10:19:24,795 ERROR dev.dmgiangi.logging.exception.ExceptionHandler [http-nio-8080-exec-3] Oh no, Lorenzo!!!
dev.dmgiangi.logging.exception.Exception: Ciao sono lorenzo e ti ho inchiodato il server
	at dev.dmgiangi.logging.controllers.HomeController.logError(HomeController.java:39)
	at java.base/jdk.internal.reflect.NativeMethodAccessorImpl.invoke0(Native Method)
	at java.base/jdk.internal.reflect.NativeMethodAccessorImpl.invoke(NativeMethodAccessorImpl.java:77)
	at java.base/jdk.internal.reflect.DelegatingMethodAccessorImpl.invoke(DelegatingMethodAccessorImpl.java:43)
	at java.base/java.lang.reflect.Method.invoke(Method.java:568)
	at org.springframework.web.method.support.InvocableHandlerMethod.doInvoke(InvocableHandlerMethod.java:205)
	at org.springframework.web.method.support.InvocableHandlerMethod.invokeForRequest(InvocableHandlerMethod.java:150)
	at org.springframework.web.servlet.mvc.method.annotation.ServletInvocableHandlerMethod.invokeAndHandle(ServletInvocableHandlerMethod.java:117)
	at org.springframework.web.servlet.mvc.method.annotation.RequestMappingHandlerAdapter.invokeHandlerMethod(RequestMappingHandlerAdapter.java:895)
	at org.springframework.web.servlet.mvc.method.annotation.RequestMappingHandlerAdapter.handleInternal(RequestMappingHandlerAdapter.java:808)
	at org.springframework.web.servlet.mvc.method.AbstractHandlerMethodAdapter.handle(AbstractHandlerMethodAdapter.java:87)
	at org.springframework.web.servlet.DispatcherServlet.doDispatch(DispatcherServlet.java:1070)
	at org.springframework.web.servlet.DispatcherServlet.doService(DispatcherServlet.java:963)
	at org.springframework.web.servlet.FrameworkServlet.processRequest(FrameworkServlet.java:1006)
	at org.springframework.web.servlet.FrameworkServlet.doGet(FrameworkServlet.java:898)
	at javax.servlet.http.HttpServlet.service(HttpServlet.java:655)
	at org.springframework.web.servlet.FrameworkServlet.service(FrameworkServlet.java:883)
	at javax.servlet.http.HttpServlet.service(HttpServlet.java:764)
	at org.apache.catalina.core.ApplicationFilterChain.internalDoFilter(ApplicationFilterChain.java:227)
	at org.apache.catalina.core.ApplicationFilterChain.doFilter(ApplicationFilterChain.java:162)
	at org.apache.tomcat.websocket.server.WsFilter.doFilter(WsFilter.java:53)
	at org.apache.catalina.core.ApplicationFilterChain.internalDoFilter(ApplicationFilterChain.java:189)
	at org.apache.catalina.core.ApplicationFilterChain.doFilter(ApplicationFilterChain.java:162)
	at org.springframework.web.filter.RequestContextFilter.doFilterInternal(RequestContextFilter.java:100)
	at org.springframework.web.filter.OncePerRequestFilter.doFilter(OncePerRequestFilter.java:117)
	at org.apache.catalina.core.ApplicationFilterChain.internalDoFilter(ApplicationFilterChain.java:189)
	at org.apache.catalina.core.ApplicationFilterChain.doFilter(ApplicationFilterChain.java:162)
	at org.springframework.web.filter.FormContentFilter.doFilterInternal(FormContentFilter.java:93)
	at org.springframework.web.filter.OncePerRequestFilter.doFilter(OncePerRequestFilter.java:117)
	at org.apache.catalina.core.ApplicationFilterChain.internalDoFilter(ApplicationFilterChain.java:189)
	at org.apache.catalina.core.ApplicationFilterChain.doFilter(ApplicationFilterChain.java:162)
	at org.springframework.web.filter.CharacterEncodingFilter.doFilterInternal(CharacterEncodingFilter.java:201)
	at org.springframework.web.filter.OncePerRequestFilter.doFilter(OncePerRequestFilter.java:117)
	at org.apache.catalina.core.ApplicationFilterChain.internalDoFilter(ApplicationFilterChain.java:189)
	at org.apache.catalina.core.ApplicationFilterChain.doFilter(ApplicationFilterChain.java:162)
	at org.apache.catalina.core.StandardWrapperValve.invoke(StandardWrapperValve.java:197)
	at org.apache.catalina.core.StandardContextValve.invoke(StandardContextValve.java:97)
	at org.apache.catalina.authenticator.AuthenticatorBase.invoke(AuthenticatorBase.java:541)
	at org.apache.catalina.core.StandardHostValve.invoke(StandardHostValve.java:135)
	at org.apache.catalina.valves.ErrorReportValve.invoke(ErrorReportValve.java:92)
	at org.apache.catalina.core.StandardEngineValve.invoke(StandardEngineValve.java:78)
	at org.apache.catalina.connector.CoyoteAdapter.service(CoyoteAdapter.java:360)
	at org.apache.coyote.http11.Http11Processor.service(Http11Processor.java:399)
	at org.apache.coyote.AbstractProcessorLight.process(AbstractProcessorLight.java:65)
	at org.apache.coyote.AbstractProtocol$ConnectionHandler.process(AbstractProtocol.java:890)
	at org.apache.tomcat.util.net.NioEndpoint$SocketProcessor.doRun(NioEndpoint.java:1789)
	at org.apache.tomcat.util.net.SocketProcessorBase.run(SocketProcessorBase.java:49)
	at org.apache.tomcat.util.threads.ThreadPoolExecutor.runWorker(ThreadPoolExecutor.java:1191)
	at org.apache.tomcat.util.threads.ThreadPoolExecutor$Worker.run(ThreadPoolExecutor.java:659)
	at org.apache.tomcat.util.threads.TaskThread$WrappingRunnable.run(TaskThread.java:61)
	at java.base/java.lang.Thread.run(Thread.java:833)
2022-10-02 23:17:28,344 INFO org.springframework.boot.StartupInfoLogger [main] Starting LoggingApplication using Java 18.0.2 on LAPTOP-MQKRNP69 with PID 7828 (D:\Develop\develhope esercizi spring\develhope-esercizi-spring\servizi logging\target\classes started by pulvi in D:\Develop\develhope esercizi spring\develhope-esercizi-spring\servizi logging)
2022-10-02 23:17:28,350 INFO org.springframework.boot.SpringApplication [main] No active profile set, falling back to 1 default profile: "default"
2022-10-02 23:17:30,293 INFO org.springframework.boot.web.embedded.tomcat.TomcatWebServer [main] Tomcat initialized with port(s): 8080 (http)
2022-10-02 23:17:30,316 INFO org.apache.juli.logging.DirectJDKLog [main] Initializing ProtocolHandler ["http-nio-8080"]
2022-10-02 23:17:30,317 INFO org.apache.juli.logging.DirectJDKLog [main] Starting service [Tomcat]
2022-10-02 23:17:30,317 INFO org.apache.juli.logging.DirectJDKLog [main] Starting Servlet engine: [Apache Tomcat/9.0.65]
2022-10-02 23:17:30,491 INFO org.apache.juli.logging.DirectJDKLog [main] Initializing Spring embedded WebApplicationContext
2022-10-02 23:17:30,492 INFO org.springframework.boot.web.servlet.context.ServletWebServerApplicationContext [main] Root WebApplicationContext: initialization completed in 2008 ms
2022-10-02 23:17:31,037 INFO org.apache.juli.logging.DirectJDKLog [main] Starting ProtocolHandler ["http-nio-8080"]
2022-10-02 23:17:31,079 INFO org.springframework.boot.web.embedded.tomcat.TomcatWebServer [main] Tomcat started on port(s): 8080 (http) with context path ''
2022-10-02 23:17:31,094 INFO org.springframework.boot.StartupInfoLogger [main] Started LoggingApplication in 4.961 seconds (JVM running for 7.6)
2022-10-02 23:18:17,339 INFO org.apache.juli.logging.DirectJDKLog [http-nio-8080-exec-1] Initializing Spring DispatcherServlet 'dispatcherServlet'
2022-10-02 23:18:17,340 INFO org.springframework.web.servlet.FrameworkServlet [http-nio-8080-exec-1] Initializing Servlet 'dispatcherServlet'
2022-10-02 23:18:17,342 INFO org.springframework.web.servlet.FrameworkServlet [http-nio-8080-exec-1] Completed initialization in 1 ms
2022-10-02 23:18:17,382 INFO dev.dmgiangi.logging.controllers.HomeController [http-nio-8080-exec-1] Hello There
2022-10-02 23:18:51,543 DEBUG dev.dmgiangi.logging.services.NumberService [http-nio-8080-exec-5] Start Calculation on: 2022-10-02T21:18:51.542721600Z
2022-10-02 23:18:51,544 DEBUG dev.dmgiangi.logging.services.NumberService [http-nio-8080-exec-5] End Calculation on: %s with result: %d2022-10-02T21:18:51.544702700Z
2022-10-02 23:18:51,549 DEBUG dev.dmgiangi.logging.services.NumberService [http-nio-8080-exec-5] Calculation duration: 1981100 ns
